Using pre-set license

 COMMAND LINE ARGUMENTS:
/Applications/Unity/Hub/Editor/2020.3.16f1/Unity.app/Contents/MacOS/Unity
-adb2
-batchMode
-noUpm
-name
AssetImportWorker0
-projectPath
/Users/murilopileggi/Desktop/FIAP/Jogos Digitais/2º Ano/Game Jam - 2º Semestre /00Turtle
-logFile
Logs/AssetImportWorker0.log
-srvPort
49904
Successfully changed project path to: /Users/murilopileggi/Desktop/FIAP/Jogos Digitais/2º Ano/Game Jam - 2º Semestre /00Turtle
/Users/murilopileggi/Desktop/FIAP/Jogos Digitais/2º Ano/Game Jam - 2º Semestre /00Turtle
Using Asset Import Pipeline V2.
Refreshing native plugins compatible for Editor in 41.53 ms, found 3 plugins.
Preloading 0 native plugins for Editor in 0.00 ms.
Initialize engine version: 2020.3.16f1 (049d6eca3c44)
[Subsystems] Discovering subsystems at path /Applications/Unity/Hub/Editor/2020.3.16f1/Unity.app/Contents/Resources/UnitySubsystems
[Subsystems] Discovering subsystems at path /Users/murilopileggi/Desktop/FIAP/Jogos Digitais/2º Ano/Game Jam - 2º Semestre /00Turtle/Assets
GfxDevice: creating device client; threaded=0
2021-11-05 16:42:30.493 Unity[22902:139801] Color LCD preferred device: Intel(R) UHD Graphics 630 (low power)
2021-11-05 16:42:30.493 Unity[22902:139801] Metal devices available: 2
2021-11-05 16:42:30.493 Unity[22902:139801] 0: AMD Radeon Pro 560X (high power)
2021-11-05 16:42:30.493 Unity[22902:139801] 1: Intel(R) UHD Graphics 630 (low power)
2021-11-05 16:42:30.494 Unity[22902:139801] Using device AMD Radeon Pro 560X (high power)
Initializing Metal device caps: AMD Radeon Pro 560X
Initialize mono
Mono path[0] = '/Applications/Unity/Hub/Editor/2020.3.16f1/Unity.app/Contents/Managed'
Mono path[1] = '/Applications/Unity/Hub/Editor/2020.3.16f1/Unity.app/Contents/MonoBleedingEdge/lib/mono/unityjit'
Mono config path = '/Applications/Unity/Hub/Editor/2020.3.16f1/Unity.app/Contents/MonoBleedingEdge/etc'
Using monoOptions --debugger-agent=transport=dt_socket,embedding=1,server=y,suspend=n,address=127.0.0.1:56902
Begin MonoManager ReloadAssembly
Registering precompiled unity dll's ...
Register platform support module: /Applications/Unity/Hub/Editor/2020.3.16f1/Unity.app/Contents/PlaybackEngines/MacStandaloneSupport/UnityEditor.OSXStandalone.Extensions.dll
Register platform support module: /Applications/Unity/Hub/Editor/2020.3.16f1/PlaybackEngines/WindowsStandaloneSupport/UnityEditor.WindowsStandalone.Extensions.dll
Registered in 0.000819 seconds.
Native extension for WindowsStandalone target not found
Native extension for OSXStandalone target not found
Refreshing native plugins compatible for Editor in 39.60 ms, found 3 plugins.
Preloading 0 native plugins for Editor in 0.00 ms.
Mono: successfully reloaded assembly
- Completed reload, in  1.931 seconds
Domain Reload Profiling:
	ReloadAssembly (1931ms)
		BeginReloadAssembly (44ms)
			ExecutionOrderSort (0ms)
			DisableScriptedObjects (0ms)
			BackupInstance (0ms)
			ReleaseScriptingObjects (0ms)
			CreateAndSetChildDomain (1ms)
		EndReloadAssembly (452ms)
			LoadAssemblies (43ms)
			RebuildTransferFunctionScriptingTraits (0ms)
			SetupTypeCache (182ms)
			ReleaseScriptCaches (0ms)
			RebuildScriptCaches (37ms)
			SetupLoadedEditorAssemblies (182ms)
				LogAssemblyErrors (0ms)
				InitializePlatformSupportModulesInManaged (4ms)
				SetLoadedEditorAssemblies (0ms)
				RefreshPlugins (40ms)
				BeforeProcessingInitializeOnLoad (10ms)
				ProcessInitializeOnLoadAttributes (94ms)
				ProcessInitializeOnLoadMethodAttributes (33ms)
				AfterProcessingInitializeOnLoad (0ms)
				EditorAssembliesLoaded (0ms)
			ExecutionOrderSort2 (0ms)
			AwakeInstancesAfterBackupRestoration (0ms)
Platform modules already initialized, skipping
Registering precompiled user dll's ...
Registered in 0.002211 seconds.
Begin MonoManager ReloadAssembly
Native extension for WindowsStandalone target not found
Native extension for OSXStandalone target not found
Refreshing native plugins compatible for Editor in 39.42 ms, found 3 plugins.
Preloading 0 native plugins for Editor in 0.00 ms.
Mono: successfully reloaded assembly
- Completed reload, in  1.216 seconds
Domain Reload Profiling:
	ReloadAssembly (1217ms)
		BeginReloadAssembly (146ms)
			ExecutionOrderSort (0ms)
			DisableScriptedObjects (5ms)
			BackupInstance (0ms)
			ReleaseScriptingObjects (0ms)
			CreateAndSetChildDomain (21ms)
		EndReloadAssembly (1005ms)
			LoadAssemblies (85ms)
			RebuildTransferFunctionScriptingTraits (0ms)
			SetupTypeCache (334ms)
			ReleaseScriptCaches (0ms)
			RebuildScriptCaches (53ms)
			SetupLoadedEditorAssemblies (415ms)
				LogAssemblyErrors (0ms)
				InitializePlatformSupportModulesInManaged (5ms)
				SetLoadedEditorAssemblies (0ms)
				RefreshPlugins (39ms)
				BeforeProcessingInitializeOnLoad (62ms)
				ProcessInitializeOnLoadAttributes (295ms)
				ProcessInitializeOnLoadMethodAttributes (12ms)
				AfterProcessingInitializeOnLoad (1ms)
				EditorAssembliesLoaded (0ms)
			ExecutionOrderSort2 (0ms)
			AwakeInstancesAfterBackupRestoration (7ms)
Platform modules already initialized, skipping
========================================================================
Worker process is ready to serve import requests
Launching external process: /Applications/Unity/Hub/Editor/2020.3.16f1/Unity.app/Contents/Tools/UnityShaderCompiler
Launched and connected shader compiler UnityShaderCompiler after 0.01 seconds
Refreshing native plugins compatible for Editor in 0.45 ms, found 3 plugins.
Preloading 0 native plugins for Editor in 0.00 ms.
Unloading 2091 Unused Serialized files (Serialized files now loaded: 0)
System memory in use before: 203.8 MB.
System memory in use after: 203.9 MB.

Unloading 28 unused Assets to reduce memory usage. Loaded Objects now: 2528.
Total: 3.628010 ms (FindLiveObjects: 0.253951 ms CreateObjectMapping: 0.085924 ms MarkObjects: 3.226957 ms  DeleteObjects: 0.060095 ms)

AssetImportParameters requested are different than current active one (requested -> active):
  custom:video-decoder-ogg-theora: a1e56fd34408186e4bbccfd4996cb3dc -> 
  custom:container-muxer-webm: aa71ff27fc2769a1b78a27578f13a17b -> 
  custom:container-demuxer-webm: 4f35f7cbe854078d1ac9338744f61a02 -> 
  custom:container-demuxer-ogg: 62fdf1f143b41e24485cea50d1cbac27 -> 
  custom:video-encoder-webm-vp8: eb34c28f22e8b96e1ab97ce403110664 -> 
  custom:framework-osx-AVFoundation: e770b220cccbd017edd2c1fefb359320 -> 
  custom:video-decoder-webm-vp8: 9c59270c3fd7afecdb556c50c9e8de78 -> 
  custom:audio-decoder-ogg-vorbis: bf7c407c2cedff20999df2af8eb42d56 -> 
  custom:audio-encoder-webm-vorbis: bf7c407c2cedff20999df2af8eb42d56 -> 
========================================================================
Received Import Request.
  path: Assets/tortugarunsprite.gif
  artifactKey: Guid(2e9ad4846c2a5416193ec8351dd93baf) Importer(815301076,1909f56bfc062723c751e8b465ee728b)
Start importing Assets/tortugarunsprite.gif using Guid(2e9ad4846c2a5416193ec8351dd93baf) Importer(815301076,1909f56bfc062723c751e8b465ee728b)  -> (artifact id: '537466f14c05c4dba8405e3ca083c2e2') in 1.200807 seconds 
  Import took 1.203803 seconds .

========================================================================
Received Import Request.
  Time since last request: 12.974635 seconds.
  path: Assets/tortugarunsprite.gif
  artifactKey: Guid(2e9ad4846c2a5416193ec8351dd93baf) Importer(815301076,1909f56bfc062723c751e8b465ee728b)
Start importing Assets/tortugarunsprite.gif using Guid(2e9ad4846c2a5416193ec8351dd93baf) Importer(815301076,1909f56bfc062723c751e8b465ee728b)  -> (artifact id: '6f9b171cb46d2099200fa70b58cdfbf9') in 0.009520 seconds 
  Import took 0.012847 seconds .

========================================================================
Received Import Request.
  Time since last request: 96.138083 seconds.
  path: Assets/tortugarunsprite_1.png
  artifactKey: Guid(57ce8415ff3ca402791ff1b1f00f5725) Importer(815301076,1909f56bfc062723c751e8b465ee728b)
Start importing Assets/tortugarunsprite_1.png using Guid(57ce8415ff3ca402791ff1b1f00f5725) Importer(815301076,1909f56bfc062723c751e8b465ee728b)  -> (artifact id: 'aa64864ab84daa22ff9f974e137e84a6') in 1.136781 seconds 
  Import took 1.139842 seconds .

========================================================================
Received Import Request.
  Time since last request: 20.350432 seconds.
  path: Assets/tortugarunsprite_1.png
  artifactKey: Guid(57ce8415ff3ca402791ff1b1f00f5725) Importer(815301076,1909f56bfc062723c751e8b465ee728b)
Start importing Assets/tortugarunsprite_1.png using Guid(57ce8415ff3ca402791ff1b1f00f5725) Importer(815301076,1909f56bfc062723c751e8b465ee728b)  -> (artifact id: '2fc5dd26ed754a0b1ead3e5a427cebcb') in 0.013081 seconds 
  Import took 0.016112 seconds .

AssetImportWorkerClient::OnTransportError - code=2 error=End of file
